[2016-12-06 14:34:35] START
[2016-12-06 14:35:15] CREATE test1.py: 0
[2016-12-06 14:35:57] EDIT draft/controllers/test1.py: 1
[2016-12-06 14:37:17] CREATE test1/myfunc.html: 0
[2016-12-06 14:39:06] EDIT draft/views/test1/myfunc.html: 3
[2016-12-06 14:46:41] EDIT draft/views/test1/myfunc.html: 1
[2016-12-06 14:47:15] EDIT draft/controllers/test1.py: 0
[2016-12-06 14:47:17] EDIT draft/views/test1/myfunc.html: 0
[2016-12-06 14:47:40] EDIT draft/controllers/test1.py: 0
[2016-12-06 14:49:52] EDIT draft/controllers/test1.py: 3
[2016-12-06 14:50:09] EDIT draft/controllers/test1.py: 0
[2016-12-06 14:50:11] EDIT draft/views/test1/myfunc.html: 0
[2016-12-06 14:50:18] EDIT draft/views/test1/myfunc.html: 0
[2016-12-06 14:52:13] EDIT draft/controllers/test1.py: 0
[2016-12-06 14:52:53] EDIT draft/views/test1/myfunc.html: 0
[2016-12-06 14:53:30] EDIT draft/controllers/test1.py: 0
[2016-12-06 14:53:56] EDIT draft/controllers/test1.py: 0
[2016-12-06 14:53:58] EDIT draft/controllers/test1.py: 0
[2016-12-06 14:54:49] EDIT draft/controllers/test1.py: 0
[2016-12-06 14:55:13] EDIT draft/views/test1/myfunc.html: 0
[2016-12-06 14:55:30] EDIT draft/controllers/test1.py: 0
[2016-12-06 14:56:44] EDIT draft/controllers/test1.py: 3
[2016-12-06 14:57:12] EDIT draft/controllers/test1.py: 1
[2016-12-06 15:00:06] EDIT draft/controllers/test1.py: -1
[2016-12-06 15:00:26] EDIT draft/controllers/test1.py: 1
[2016-12-06 15:00:54] EDIT draft/controllers/test1.py: 0
[2016-12-06 15:01:16] EDIT draft/controllers/test1.py: 0
[2016-12-06 15:02:39] EDIT draft/controllers/test1.py: 1
[2016-12-06 15:07:09] EDIT draft/controllers/test1.py: 0
[2016-12-06 15:07:15] EDIT draft/controllers/test1.py: 0
[2016-12-06 15:18:37] EDIT draft/controllers/test1.py: 0
[2016-12-06 15:23:53] EDIT draft/modules/sample.py: 1
[2016-12-06 15:23:59] EDIT draft/modules/sample.py: 0
[2016-12-06 15:23:59] EDIT draft/modules/sample.py: 0
[2016-12-06 15:24:34] EDIT draft/modules/sample.py: 0
[2016-12-06 15:26:52] EDIT draft/modules/sample.py: 0
[2016-12-06 15:27:18] EDIT draft/modules/sample.py: 0
[2016-12-06 15:28:50] EDIT draft/modules/sample.py: 0
[2016-12-06 15:29:00] EDIT draft/controllers/test1.py: 0
[2016-12-06 15:30:49] EDIT draft/modules/sample.py: 0
[2016-12-06 15:31:02] EDIT draft/controllers/test1.py: 0
[2016-12-06 15:32:34] EDIT draft/modules/sample.py: 1
[2016-12-06 15:34:28] EDIT draft/modules/sample.py: 1
[2016-12-06 15:34:32] EDIT draft/modules/sample.py: 0
[2016-12-06 15:34:33] EDIT draft/modules/sample.py: 0
[2016-12-06 15:35:00] EDIT draft/modules/sample.py: 0
[2016-12-06 15:35:05] EDIT draft/controllers/test1.py: 0
[2016-12-06 15:36:56] EDIT draft/modules/sample.py: 0
[2016-12-06 15:37:16] EDIT draft/modules/sample.py: 0
[2016-12-06 15:37:18] EDIT draft/controllers/test1.py: 0
[2016-12-06 15:41:38] EDIT draft/modules/sample.py: 0
[2016-12-06 15:41:38] EDIT draft/modules/sample.py: 0
[2016-12-06 15:41:40] EDIT draft/controllers/test1.py: 0
[2016-12-06 15:41:40] EDIT draft/controllers/test1.py: 0
[2016-12-06 15:42:32] EDIT draft/modules/sample.py: 0
[2016-12-06 15:44:06] EDIT draft/modules/sample.py: -14
[2016-12-06 15:44:07] EDIT draft/modules/sample.py: 0
[2016-12-06 15:46:47] EDIT draft/modules/sample.py: 16
[2016-12-06 15:47:12] EDIT draft/modules/sample.py: 0
[2016-12-06 15:47:20] EDIT draft/modules/sample.py: 0
[2016-12-06 15:47:38] EDIT draft/modules/sample.py: 0
[2016-12-06 15:48:29] EDIT draft/modules/sample.py: -1
[2016-12-06 15:49:01] EDIT draft/modules/sample.py: 0
[2016-12-06 15:49:44] EDIT draft/modules/sample.py: 0
[2016-12-06 15:50:17] EDIT draft/modules/sample.py: 1
[2016-12-06 15:50:17] EDIT draft/modules/sample.py: 0
[2016-12-06 15:50:35] EDIT draft/modules/sample.py: 0
[2016-12-06 15:50:46] EDIT draft/modules/sample.py: 0
[2016-12-06 15:51:05] EDIT draft/modules/sample.py: -1
[2016-12-06 15:51:21] EDIT draft/modules/sample.py: 0
[2016-12-06 15:51:40] EDIT draft/modules/sample.py: 0
[2016-12-06 15:51:52] EDIT draft/modules/sample.py: 0
[2016-12-06 15:52:16] EDIT draft/modules/sample.py: 0
[2016-12-06 15:56:18] EDIT draft/modules/sample.py: 0
[2016-12-06 15:56:19] EDIT draft/modules/sample.py: 0
[2016-12-06 15:56:58] EDIT draft/modules/sample.py: 0
[2016-12-06 15:57:13] EDIT draft/modules/sample.py: 0
[2016-12-06 16:03:54] EDIT draft/modules/sample.py: 0
[2016-12-06 16:04:04] EDIT draft/modules/sample.py: 0
[2016-12-06 16:05:22] EDIT draft/modules/sample.py: -3
[2016-12-06 16:05:41] EDIT draft/modules/sample.py: 0
[2016-12-06 16:06:08] EDIT draft/modules/sample.py: 1
[2016-12-06 16:12:12] EDIT draft/modules/sample.py: -1
[2016-12-06 16:12:54] EDIT draft/modules/sample.py: 0
[2016-12-06 16:14:03] EDIT draft/modules/sample.py: -2
[2016-12-06 16:18:05] EDIT draft/modules/model.py: 0
[2016-12-06 16:18:13] EDIT draft/modules/sample.py: 0
[2016-12-06 16:20:48] EDIT draft/modules/model.py: 1
[2016-12-06 16:20:50] EDIT draft/modules/model.py: 0
[2016-12-06 16:23:06] EDIT draft/modules/model.py: -1
[2016-12-06 16:24:12] EDIT draft/modules/sample.py: -1
[2016-12-06 16:29:36] EDIT draft/modules/sample.py: 0
[2016-12-06 16:32:22] EDIT draft/modules/sample.py: 2
[2016-12-06 17:09:43] EDIT draft/controllers/test1.py: 0
[2016-12-06 17:19:01] EDIT draft/controllers/test1.py: 0
[2016-12-06 17:19:01] EDIT draft/controllers/test1.py: 0
[2016-12-06 17:32:19] EDIT draft/modules/sample.py: 0
[2016-12-06 17:32:19] EDIT draft/modules/sample.py: 0
[2016-12-06 17:32:20] EDIT draft/modules/sample.py: 0
[2016-12-06 17:32:20] EDIT draft/modules/sample.py: 0
[2016-12-06 17:33:10] EDIT draft/modules/sample.py: 0
[2016-12-06 17:33:10] EDIT draft/modules/sample.py: 0
[2016-12-06 17:33:22] EDIT draft/modules/sample.py: 0
[2016-12-06 17:33:22] EDIT draft/modules/sample.py: 0
[2016-12-06 17:45:09] EDIT draft/modules/model.py: 0
[2016-12-06 17:45:10] EDIT draft/modules/model.py: 0
[2016-12-06 17:45:10] EDIT draft/modules/model.py: 0
[2016-12-06 17:45:10] EDIT draft/modules/model.py: 0
[2016-12-06 17:45:11] EDIT draft/modules/model.py: 0
[2016-12-06 17:59:45] EDIT draft/modules/model.py: 1
[2016-12-06 18:00:38] EDIT draft/modules/model.py: 0
[2016-12-06 18:00:38] EDIT draft/modules/model.py: 0
[2016-12-06 18:01:06] EDIT draft/modules/model.py: 0
[2016-12-06 18:01:32] EDIT draft/modules/model.py: 0
[2016-12-06 18:01:46] EDIT draft/modules/model.py: 1
[2016-12-06 18:01:46] EDIT draft/modules/model.py: 0
[2016-12-06 18:02:28] EDIT draft/controllers/test1.py: 1
[2016-12-06 18:02:32] EDIT draft/controllers/test1.py: 0
[2016-12-06 18:02:52] EDIT draft/modules/model.py: 0
[2016-12-06 18:03:35] EDIT draft/controllers/test1.py: 0
[2016-12-06 18:03:36] EDIT draft/controllers/test1.py: 0
[2016-12-06 18:42:04] EDIT draft/modules/sample.py: 1
[2016-12-06 18:42:15] EDIT draft/modules/sample.py: 0
[2016-12-06 18:44:06] EDIT draft/modules/model.py: -1
[2016-12-06 18:44:26] EDIT draft/modules/model.py: 0
[2016-12-06 18:44:28] EDIT draft/modules/sample.py: 0
[2016-12-06 18:44:30] EDIT draft/modules/model.py: 0
[2016-12-06 18:52:25] EDIT draft/modules/model.py: 0
[2016-12-06 18:52:54] EDIT draft/modules/sample.py: 0
[2016-12-06 21:54:59] EDIT draft/modules/sample.py: 1
[2016-12-06 21:56:09] EDIT draft/controllers/test1.py: -1
[2016-12-06 21:56:09] EDIT draft/controllers/test1.py: 0
[2016-12-06 21:56:18] EDIT draft/controllers/test1.py: -1
[2016-12-06 21:57:07] EDIT draft/controllers/test1.py: 0
[2016-12-06 21:57:08] EDIT draft/controllers/test1.py: 0
[2016-12-06 21:58:08] EDIT draft/modules/sample.py: 0
[2016-12-06 22:00:27] EDIT draft/modules/sample.py: 1
[2016-12-06 22:01:04] EDIT draft/modules/sample.py: 1
[2016-12-06 22:02:53] EDIT draft/modules/sample.py: 0
[2016-12-06 22:19:32] EDIT draft/modules/sample.py: 2
[2016-12-06 22:21:59] EDIT draft/modules/sample.py: -5
[2016-12-06 22:22:32] EDIT draft/modules/sample.py: 4
[2016-12-06 22:22:45] EDIT draft/modules/sample.py: -2
[2016-12-06 22:23:33] EDIT draft/modules/sample.py: 0
[2016-12-06 22:24:08] EDIT draft/controllers/test1.py: 0
[2016-12-06 22:25:36] EDIT draft/controllers/test1.py: 0
[2016-12-06 22:25:48] EDIT draft/modules/sample.py: 0
[2016-12-06 22:26:18] EDIT draft/controllers/test1.py: 0
[2016-12-06 22:26:19] EDIT draft/controllers/test1.py: 0
[2016-12-06 22:26:49] EDIT draft/controllers/test1.py: 1
[2016-12-06 22:26:57] EDIT draft/controllers/test1.py: 1
[2016-12-06 22:27:54] EDIT draft/modules/sample.py: 0
[2016-12-06 22:27:54] EDIT draft/modules/sample.py: 0
[2016-12-06 22:28:54] EDIT draft/modules/sample.py: 0
[2016-12-06 22:29:09] EDIT draft/modules/sample.py: 1
[2016-12-06 22:29:18] EDIT draft/controllers/test1.py: 0
[2016-12-06 22:29:18] EDIT draft/controllers/test1.py: 0
[2016-12-06 22:29:22] EDIT draft/modules/sample.py: 0
[2016-12-06 22:29:59] EDIT draft/modules/sample.py: 1
[2016-12-06 22:30:00] EDIT draft/modules/sample.py: 0
[2016-12-06 22:31:10] EDIT draft/modules/sample.py: 1
[2016-12-06 22:33:33] EDIT draft/modules/sample.py: -1
[2016-12-06 22:35:18] EDIT draft/controllers/test1.py: -2
[2016-12-06 22:35:41] EDIT draft/modules/sample.py: -2
[2016-12-06 22:35:59] EDIT draft/modules/sample.py: -2
[2016-12-06 22:37:23] EDIT draft/controllers/test1.py: 0
[2016-12-06 22:39:37] EDIT draft/controllers/test1.py: 0
[2016-12-06 22:40:09] CREATE test1/check.html: 0
[2016-12-06 22:46:30] EDIT draft/views/test1/check.html: 0
[2016-12-06 22:47:30] EDIT draft/views/test1/check.html: 2
[2016-12-06 22:47:50] EDIT draft/controllers/test1.py: 1
[2016-12-06 22:48:10] EDIT draft/views/test1/check.html: 0
[2016-12-06 22:48:46] EDIT draft/views/test1/myfunc.html: -4
[2016-12-06 22:54:28] EDIT draft/controllers/test1.py: 1
[2016-12-06 22:55:43] EDIT draft/controllers/test1.py: 0
[2016-12-06 23:05:58] EDIT draft/controllers/test1.py: 0
[2016-12-06 23:11:27] CREATE test1/display_form.html: 0
[2016-12-06 23:13:08] EDIT draft/views/test1/display_form.html: 6
[2016-12-06 23:13:35] EDIT draft/controllers/test1.py: 11
[2016-12-06 23:13:35] EDIT draft/controllers/test1.py: 0
[2016-12-06 23:15:24] EDIT draft/controllers/test1.py: 0
[2016-12-06 23:17:17] EDIT draft/views/test1/display_form.html: 2
[2016-12-06 23:20:46] EDIT draft/controllers/test1.py: 0
[2016-12-06 23:20:50] EDIT draft/views/test1/check.html: -2
[2016-12-06 23:20:58] EDIT draft/controllers/test1.py: 0
[2016-12-06 23:21:15] EDIT draft/views/test1/display_form.html: -2
[2016-12-06 23:34:16] EDIT draft/controllers/test1.py: 2
[2016-12-06 23:34:29] CREATE test1/music_start_form.html: 0
[2016-12-06 23:35:32] EDIT draft/views/test1/music_start_form.html: 3
[2016-12-06 23:36:01] EDIT draft/views/test1/music_start_form.html: 0
[2016-12-06 23:39:07] EDIT draft/controllers/test1.py: 1
[2016-12-06 23:40:27] EDIT draft/modules/sample.py: 0
[2016-12-06 23:40:52] EDIT draft/views/test1/check.html: -1
[2016-12-06 23:41:49] EDIT draft/controllers/test1.py: -17
[2016-12-06 23:41:49] EDIT draft/controllers/test1.py: 0
[2016-12-06 23:42:10] DELETE draft/views/test1/display_form.html: -9
[2016-12-06 23:42:13] DELETE draft/views/test1/myfunc.html: -3
[2016-12-06 23:43:13] EDIT draft/controllers/test1.py: 2
[2016-12-06 23:43:28] EDIT draft/views/test1/music_start_form.html: 0
[2016-12-06 23:44:22] DELETE draft/views/test1/check.html: -2
[2016-12-06 23:44:34] EDIT draft/controllers/test1.py: 0
[2016-12-06 23:44:43] CREATE test1/generate.html: 0
[2016-12-06 23:45:03] EDIT draft/views/test1/generate.html: -1
[2016-12-06 23:45:29] EDIT draft/views/test1/music_start_form.html: 0
[2016-12-06 23:47:01] DELETE draft/views/test1/generate.html: -2
[2016-12-06 23:47:03] EDIT draft/views/test1/music_start_form.html: 0
[2016-12-07 00:26:53] EDIT draft/controllers/test1.py: 0
[2016-12-07 00:26:58] EDIT draft/views/test1/music_start_form.html: 4
[2016-12-07 00:27:11] EDIT draft/views/test1/music_start_form.html: 0
[2016-12-07 00:29:32] EDIT draft/views/test1/music_start_form.html: 15
[2016-12-07 00:40:15] EDIT draft/modules/sample.py: 1
[2016-12-07 00:40:43] EDIT draft/controllers/test1.py: 15
[2016-12-07 00:43:56] EDIT draft/modules/sample.py: 0
[2016-12-07 01:31:30] EDIT draft/modules/sample.py: 1
[2016-12-07 01:35:02] EDIT draft/modules/sample.py: 1
[2016-12-07 01:35:48] EDIT draft/modules/sample.py: 0
[2016-12-07 01:37:13] EDIT draft/modules/sample.py: 1
[2016-12-07 01:37:13] EDIT draft/modules/sample.py: 0
[2016-12-07 01:39:19] EDIT draft/modules/sample.py: -1
[2016-12-07 01:39:23] EDIT draft/modules/sample.py: 0
[2016-12-07 01:40:15] EDIT draft/modules/sample.py: 1
[2016-12-07 01:40:20] EDIT draft/modules/sample.py: 0
[2016-12-07 01:42:55] EDIT draft/modules/sample.py: 0
[2016-12-07 01:43:28] EDIT draft/modules/sample.py: 0
[2016-12-07 01:43:51] EDIT draft/modules/sample.py: 0
[2016-12-07 01:44:27] EDIT draft/modules/sample.py: 0
[2016-12-07 01:44:44] EDIT draft/modules/sample.py: 0
[2016-12-07 01:54:00] EDIT draft/controllers/test1.py: 0
[2016-12-07 01:54:04] EDIT draft/views/test1/music_start_form.html: 0
[2016-12-07 01:58:55] EDIT draft/modules/sample.py: 0
[2016-12-07 01:59:00] EDIT draft/views/test1/music_start_form.html: 0
[2016-12-07 01:59:03] EDIT draft/controllers/test1.py: 0
[2016-12-07 02:03:19] EDIT draft/modules/sample.py: -1
[2016-12-07 02:05:08] EDIT draft/views/test1/music_start_form.html: 0
[2016-12-07 11:34:38] EDIT draft/controllers/test1.py: 0
[2016-12-07 11:36:52] CREATE generate1.html: 0
[2016-12-07 11:37:18] EDIT draft/views/generate1.html: -1
[2016-12-07 11:37:26] EDIT draft/views/generate1.html: 0
[2016-12-07 11:37:28] EDIT draft/controllers/test1.py: 0
[2016-12-07 11:37:40] CREATE generate2.html: 0
[2016-12-07 11:42:29] EDIT draft/controllers/test1.py: 0
